<?xml version="1.0" encoding="UTF-8"?>
<testsuites name="jest tests" tests="9" failures="0" errors="0" time="3.734">
  <testsuite name="Security Middleware" errors="0" failures="0" skipped="0" timestamp="2025-03-12T07:26:58" time="3.586" tests="9">
    <testcase classname="Security Middleware Rate Limiting should apply rate limiting with proper configuration" name="Security Middleware Rate Limiting should apply rate limiting with proper configuration" time="0.013">
    </testcase>
    <testcase classname="Security Middleware Speed Limiting should apply speed limiting with proper configuration" name="Security Middleware Speed Limiting should apply speed limiting with proper configuration" time="0.001">
    </testcase>
    <testcase classname="Security Middleware Parameter Pollution Protection should apply hpp middleware" name="Security Middleware Parameter Pollution Protection should apply hpp middleware" time="0.001">
    </testcase>
    <testcase classname="Security Middleware Content Security Policy should apply CSP with secure directives" name="Security Middleware Content Security Policy should apply CSP with secure directives" time="0.001">
    </testcase>
    <testcase classname="Security Middleware Webhook Signature Verification should allow requests with valid signatures" name="Security Middleware Webhook Signature Verification should allow requests with valid signatures" time="0.489">
    </testcase>
    <testcase classname="Security Middleware Webhook Signature Verification should reject requests with invalid signatures" name="Security Middleware Webhook Signature Verification should reject requests with invalid signatures" time="0.006">
    </testcase>
    <testcase classname="Security Middleware Webhook Signature Verification should handle missing signature headers" name="Security Middleware Webhook Signature Verification should handle missing signature headers" time="0.008">
    </testcase>
    <testcase classname="Security Middleware verifySignature Function should verify a valid signature" name="Security Middleware verifySignature Function should verify a valid signature" time="0">
    </testcase>
    <testcase classname="Security Middleware verifySignature Function should reject an invalid signature" name="Security Middleware verifySignature Function should reject an invalid signature" time="0">
    </testcase>
  </testsuite>
</testsuites>